{"level":"info","message":"Server running on http://localhost:3000","timestamp":"2025-06-19T14:11:37.914Z"}
{"level":"info","message":"Fetching news on startup...","timestamp":"2025-06-19T14:11:37.917Z"}
{"feedUrls":["https://feeds.ign.com/ign/news","https://feeds.ign.com/ign/game-reviews","https://www.gamespot.com/rss/news","https://www.gamespot.com/rss/reviews","https://www.polygon.com/rss","https://kotaku.com/rss","https://www.eurogamer.net/rss","https://www.pcgamer.com/rss"],"level":"info","message":"Fetching RSS feeds:","timestamp":"2025-06-19T14:11:37.917Z"}
{"level":"info","message":"Parsing RSS feed: https://feeds.ign.com/ign/news","timestamp":"2025-06-19T14:11:37.918Z"}
{"level":"info","message":"MongoDB connected successfully","timestamp":"2025-06-19T14:11:38.861Z"}
{"level":"info","message":"Fetched 20 items from https://feeds.ign.com/ign/news","timestamp":"2025-06-19T14:11:40.211Z"}
{"level":"info","message":"Parsing RSS feed: https://feeds.ign.com/ign/game-reviews","timestamp":"2025-06-19T14:11:40.211Z"}
{"level":"warn","message":"Empty feed: https://feeds.ign.com/ign/game-reviews","timestamp":"2025-06-19T14:11:41.154Z"}
{"level":"info","message":"Parsing RSS feed: https://www.gamespot.com/rss/news","timestamp":"2025-06-19T14:11:41.155Z"}
{"level":"warn","message":"RSS feed error (https://www.gamespot.com/rss/news): Status code 404","timestamp":"2025-06-19T14:11:42.914Z"}
{"level":"info","message":"Parsing RSS feed: https://www.gamespot.com/rss/reviews","timestamp":"2025-06-19T14:11:42.915Z"}
{"level":"warn","message":"RSS feed error (https://www.gamespot.com/rss/reviews): Status code 404","timestamp":"2025-06-19T14:11:44.828Z"}
{"level":"info","message":"Parsing RSS feed: https://www.polygon.com/rss","timestamp":"2025-06-19T14:11:44.829Z"}
{"level":"warn","message":"RSS feed error (https://www.polygon.com/rss): Status code 404","timestamp":"2025-06-19T14:11:45.739Z"}
{"level":"info","message":"Parsing RSS feed: https://kotaku.com/rss","timestamp":"2025-06-19T14:11:45.739Z"}
{"level":"info","message":"Fetched 51 items from https://kotaku.com/rss","timestamp":"2025-06-19T14:11:46.146Z"}
{"level":"info","message":"Parsing RSS feed: https://www.eurogamer.net/rss","timestamp":"2025-06-19T14:11:46.147Z"}
{"level":"info","message":"Fetched 100 items from https://www.eurogamer.net/rss","timestamp":"2025-06-19T14:11:48.025Z"}
{"level":"info","message":"Parsing RSS feed: https://www.pcgamer.com/rss","timestamp":"2025-06-19T14:11:48.026Z"}
{"level":"info","message":"Fetched 50 items from https://www.pcgamer.com/rss","timestamp":"2025-06-19T14:11:49.088Z"}
{"level":"info","message":"Total RSS items fetched: 221","timestamp":"2025-06-19T14:11:49.088Z"}
{"level":"info","message":"Current news count in DB: 215","timestamp":"2025-06-19T14:11:49.138Z"}
{"level":"info","message":"Added new item: https://www.ign.com/articles/beat-saber-ends-support-on-ps4-and-ps5-in-yet-another-blow-for-psvr2","timestamp":"2025-06-19T14:11:49.309Z"}
{"level":"info","message":"Updated existing item: https://www.ign.com/articles/avengers-doomsday-filming-plans-detail-returning-mcu-location-as-marvel-seeks-uk-council-permission-to-film-in-windsor","timestamp":"2025-06-19T14:11:49.508Z"}
{"level":"info","message":"Updated existing item: https://www.ign.com/articles/gears-of-war-reloaded-responds-to-beta-complaints-with-more-maps-and-modes-for-this-weekends-test","timestamp":"2025-06-19T14:11:49.648Z"}
{"level":"info","message":"Updated existing item: https://www.ign.com/articles/the-fantastic-four-first-steps-is-still-weeks-from-release-but-marvel-is-reportedly-already-planning-sequel-to-potentially-arrive-in-2028","timestamp":"2025-06-19T14:11:49.751Z"}
{"level":"info","message":"Updated existing item: https://www.ign.com/articles/rematch-dev-explains-what-went-wrong-with-crossplay-apologizes-for-failing-to-tell-players-as-soon-as-it-knew-it-wouldnt-make-launch","timestamp":"2025-06-19T14:11:49.880Z"}
{"level":"info","message":"Updated existing item: https://www.ign.com/articles/capcom-to-reveal-more-resident-evil-requiem-and-pragmata-in-showcase-next-week","timestamp":"2025-06-19T14:11:49.977Z"}
{"level":"info","message":"Updated existing item: https://www.ign.com/articles/dune-awakening-patches-out-orni-squishing-in-pvp-by-completely-removing-the-ability-to-damage-players-and-npcs-with-vehicles-and-not-all-fans-are-happy-about-it","timestamp":"2025-06-19T14:11:50.209Z"}
{"level":"info","message":"Updated existing item: https://www.ign.com/articles/we-dont-know-whats-happening-yet-doctor-who-showrunner-admits-as-series-immediate-future-hangs-in-the-balance","timestamp":"2025-06-19T14:11:50.374Z"}
{"level":"info","message":"Updated existing item: https://www.ign.com/articles/texas-chain-saw-day-the-1974-horror-classic-coming-back-to-theaters-and-in-4k-for-one-night-only","timestamp":"2025-06-19T14:11:50.489Z"}
{"level":"info","message":"Updated existing item: https://www.ign.com/articles/marvel-shot-a-fake-thunderbolts-ending-scene-that-included-a-title-that-wasnt-the-new-avengers-to-keep-the-reveal-a-secret","timestamp":"2025-06-19T14:11:50.587Z"}
{"level":"info","message":"Updated existing item: https://www.ign.com/articles/did-our-first-look-at-classic-fantastic-four-villain-giganto-in-the-mcu-really-just-come-from-a-pizza-commercial","timestamp":"2025-06-19T14:11:50.699Z"}
{"level":"info","message":"Updated existing item: https://www.ign.com/articles/turns-out-elden-ring-nightreigns-revive-bars-have-some-hidden-mechanics-that-make-them-increasingly-more-difficult-to-whittle-down","timestamp":"2025-06-19T14:11:50.908Z"}
{"level":"info","message":"Updated existing item: https://www.ign.com/articles/silent-hill-sequel-film-return-to-silent-hill-finally-gets-a-release-date","timestamp":"2025-06-19T14:11:51.108Z"}
{"level":"info","message":"Updated existing item: https://www.ign.com/articles/first-person-survival-horror-game-bleak-haven-announced-for-pc","timestamp":"2025-06-19T14:11:51.218Z"}
{"level":"info","message":"Updated existing item: https://www.ign.com/articles/a-bummer-we-werent-invited-says-alien-ant-farm-after-being-cut-from-tony-hawks-pro-skater-34-soundtrack-i-feel-like-our-song-was-really-good","timestamp":"2025-06-19T14:11:51.319Z"}
{"level":"info","message":"Updated existing item: https://www.ign.com/articles/elden-ring-nightreign-patch-1013-adds-a-little-bit-of-madness-but-players-are-really-happy-about-one-bug-fix","timestamp":"2025-06-19T14:11:51.417Z"}
{"level":"info","message":"Updated existing item: https://www.ign.com/articles/dune-3-casts-jason-momoas-son-in-one-of-two-newly-confirmed-roles-that-wont-come-as-any-surprise-to-fans-of-the-books-but-could-be-spoiler-territory-for-others","timestamp":"2025-06-19T14:11:51.606Z"}
{"level":"info","message":"Updated existing item: https://www.ign.com/articles/donkey-kong-bananza-confirms-super-mario-odysseys-pauline-is-your-new-sidekick-and-dk-can-now-transform-into-a-zebra-or-flying-ostrich","timestamp":"2025-06-19T14:11:51.792Z"}
{"level":"info","message":"Updated existing item: https://www.ign.com/articles/marvels-spider-man-94-comic-to-continue-the-fan-favorite-animated-series","timestamp":"2025-06-19T14:11:51.888Z"}
{"level":"info","message":"Updated existing item: https://www.ign.com/articles/predator-badlands-poster-breaks-cover-reveals-first-proper-look-at-new-predators-armor-and-mask-and-also-maybe-a-big-spoiler","timestamp":"2025-06-19T14:11:51.987Z"}
{"level":"info","message":"Added new item: https://kotaku.com/stellar-blade-steam-reviews-switch-2-nude-mod-1851784779","timestamp":"2025-06-19T14:11:52.102Z"}
{"level":"info","message":"Added new item: https://kotaku.com/magic-the-gathering-mtg-final-fantasy-7-cloud-tifa-1851784756","timestamp":"2025-06-19T14:11:52.201Z"}
{"level":"info","message":"Added new item: https://kotaku.com/jaws-50th-anniversary-sharknado-the-meg-open-water-bait-1851784734","timestamp":"2025-06-19T14:11:52.406Z"}
{"level":"info","message":"Updated existing item: https://kotaku.com/silent-hill-2-movie-remake-theater-release-january-2026-1851784778","timestamp":"2025-06-19T14:11:52.591Z"}
{"level":"info","message":"Updated existing item: https://kotaku.com/elden-ring-nightreign-revive-faster-tips-three-bars-1851784771","timestamp":"2025-06-19T14:11:52.689Z"}
{"level":"info","message":"Updated existing item: https://kotaku.com/over-2-500-switch-2-nintendo-consoles-stolen-semi-truck-1851784769","timestamp":"2025-06-19T14:11:52.787Z"}
{"level":"info","message":"Updated existing item: https://kotaku.com/elden-ring-movie-alex-garland-tips-dark-souls-melania-1851784765","timestamp":"2025-06-19T14:11:52.906Z"}
{"level":"info","message":"Updated existing item: https://kotaku.com/donkey-kong-bananza-direct-lore-pauline-cranky-kong-how-1851784745","timestamp":"2025-06-19T14:11:53.106Z"}
{"level":"info","message":"Updated existing item: https://kotaku.com/marvel-cosmic-invasion-preview-beat-em-up-tribute-games-1851784757","timestamp":"2025-06-19T14:11:53.291Z"}
{"level":"info","message":"Updated existing item: https://kotaku.com/donkey-kong-bananza-screenshots-diddy-dixie-modes-1851784739","timestamp":"2025-06-19T14:11:53.404Z"}
{"level":"info","message":"Updated existing item: https://kotaku.com/fbc-firebreak-kits-jobs-research-control-remedy-perks-1851784749","timestamp":"2025-06-19T14:11:53.507Z"}
{"level":"info","message":"Updated existing item: https://kotaku.com/nintendo-switch-2-change-friend-code-privacy-reissue-1851784744","timestamp":"2025-06-19T14:11:53.607Z"}
{"level":"info","message":"Updated existing item: https://kotaku.com/disney-pulls-james-cameron-abyss-controversial-rat-sce-1851784704","timestamp":"2025-06-19T14:11:53.808Z"}
{"level":"info","message":"Updated existing item: https://kotaku.com/nintendo-switch-2-lock-passcode-pin-system-private-1851784740","timestamp":"2025-06-19T14:11:54.008Z"}
{"level":"info","message":"Updated existing item: https://kotaku.com/donkey-kong-bananza-switch-2-nintendo-direct-diddy-1851784735","timestamp":"2025-06-19T14:11:54.116Z"}
{"level":"info","message":"Updated existing item: https://kotaku.com/mario-kart-world-switch-2-speed-buggy-boy-arcade-1851784727","timestamp":"2025-06-19T14:11:54.228Z"}
{"level":"info","message":"Updated existing item: https://kotaku.com/digmon-story-time-stranger-preview-pokemon-pc-ps5-xbox-1851784677","timestamp":"2025-06-19T14:11:54.327Z"}
{"level":"info","message":"Updated existing item: https://kotaku.com/donkey-kong-bananza-direct-nintendo-switch-2-exclusive-1851784723","timestamp":"2025-06-19T14:11:54.508Z"}
{"level":"info","message":"Updated existing item: https://kotaku.com/xbox-game-pass-coming-june-2025-warcraft-call-of-duty-1851784692","timestamp":"2025-06-19T14:11:54.705Z"}
{"level":"info","message":"Updated existing item: https://kotaku.com/battlefield-2042-mass-effect-cosmetics-gun-armor-dlc-1851784693","timestamp":"2025-06-19T14:11:54.808Z"}
{"level":"info","message":"Updated existing item: https://kotaku.com/hades-2-unseen-update-patch-notes-1-0-date-switch-2-1851784684","timestamp":"2025-06-19T14:11:54.907Z"}
{"level":"info","message":"Updated existing item: https://kotaku.com/ironheart-robert-downey-jr-dominique-throne-marvel-1851784683","timestamp":"2025-06-19T14:11:55.028Z"}
{"level":"info","message":"Updated existing item: https://kotaku.com/stephen-king-lily-animated-film-tribeca-film-festival-1851784653","timestamp":"2025-06-19T14:11:55.118Z"}
{"level":"info","message":"Updated existing item: https://kotaku.com/marathon-delay-bungie-feedback-prox-chat-solo-update-1851784674","timestamp":"2025-06-19T14:11:55.307Z"}
{"level":"info","message":"Updated existing item: https://kotaku.com/xbox-next-gen-handheld-amd-backwards-compatibility-1851784670","timestamp":"2025-06-19T14:11:55.481Z"}
{"level":"info","message":"Updated existing item: https://kotaku.com/playstation-concert-last-us-god-war-horizon-ghost-1851784665","timestamp":"2025-06-19T14:11:55.577Z"}
{"level":"info","message":"Updated existing item: https://kotaku.com/mario-kart-world-switch-2-coins-question-marks-outfits-1851784658","timestamp":"2025-06-19T14:11:55.687Z"}
{"level":"info","message":"Updated existing item: https://kotaku.com/disney-removes-the-abyss-censorship-rat-drown-scene-uk-1851784654","timestamp":"2025-06-19T14:11:55.788Z"}
{"level":"info","message":"Updated existing item: https://kotaku.com/elden-ring-nightreign-wandering-mausoleum-meteor-1851784652","timestamp":"2025-06-19T14:11:55.906Z"}
{"level":"info","message":"Updated existing item: https://kotaku.com/mario-kart-world-rail-wall-charge-jump-ride-switch-2-1851784648","timestamp":"2025-06-19T14:11:56.106Z"}
{"level":"info","message":"Updated existing item: https://kotaku.com/nintendo-switch-2-system-transfer-cloud-local-initial-1851784644","timestamp":"2025-06-19T14:11:56.236Z"}
{"level":"info","message":"Updated existing item: https://kotaku.com/nintendo-switch-2-notifications-all-best-friends-online-1851784640","timestamp":"2025-06-19T14:11:56.338Z"}
{"level":"info","message":"Updated existing item: https://kotaku.com/the-final-fantasy-tactics-remaster-had-to-be-brute-forc-1851784636","timestamp":"2025-06-19T14:11:56.437Z"}
{"level":"info","message":"Updated existing item: https://kotaku.com/amazon-prime-gaming-free-games-tomb-raider-saints-row-1851784628","timestamp":"2025-06-19T14:11:56.537Z"}
{"level":"info","message":"Updated existing item: https://kotaku.com/prince-of-persia-sands-of-time-remake-canceled-update-1851784617","timestamp":"2025-06-19T14:11:56.706Z"}
{"level":"info","message":"Updated existing item: https://kotaku.com/switch-2-piracy-nintendo-mig-ban-roms-mario-kart-1851784610","timestamp":"2025-06-19T14:11:56.892Z"}
{"level":"info","message":"Updated existing item: https://kotaku.com/ironheart-riri-williams-breaking-bad-walter-white-1851784602","timestamp":"2025-06-19T14:11:56.995Z"}
{"level":"info","message":"Updated existing item: https://kotaku.com/amazon-switch-2-nintendo-mario-donkey-kong-pre-orders-1851784603","timestamp":"2025-06-19T14:11:57.086Z"}
{"level":"info","message":"Updated existing item: https://kotaku.com/cyberpunk-2077-side-quests-panam-dream-on-sinnerman-1850875179","timestamp":"2025-06-19T14:11:57.198Z"}
{"level":"info","message":"Updated existing item: https://kotaku.com/roadcraft-awd-routes-scrap-construction-materials-nav-1851784584","timestamp":"2025-06-19T14:11:57.309Z"}
{"level":"info","message":"Updated existing item: https://kotaku.com/rematch-does-it-have-crossplay-launch-no-xbox-ps5-pc-1851784595","timestamp":"2025-06-19T14:11:57.506Z"}
{"level":"info","message":"Updated existing item: https://kotaku.com/elder-scrolls-oblivion-remastered-vile-lair-vampire-1851784570","timestamp":"2025-06-19T14:11:57.701Z"}
{"level":"info","message":"Updated existing item: https://kotaku.com/borderlands-4-price-tag-70-drama-pitchford-80-real-fan-1851784583","timestamp":"2025-06-19T14:11:57.806Z"}
{"level":"info","message":"Updated existing item: https://kotaku.com/nexus-mods-sold-dark0ne-fallout-witcher-stardew-1851784585","timestamp":"2025-06-19T14:11:57.907Z"}
{"level":"info","message":"Updated existing item: https://kotaku.com/lets-rank-the-mario-kart-games-worst-to-best-1842892038","timestamp":"2025-06-19T14:11:58.006Z"}
{"level":"info","message":"Updated existing item: https://kotaku.com/clair-obscur-expedition-33-benisseur-attack-chroma-1851784568","timestamp":"2025-06-19T14:11:58.207Z"}
{"level":"info","message":"Updated existing item: https://kotaku.com/pokemon-tcg-destined-rivals-highest-price-cards-mewtwo-1851784564","timestamp":"2025-06-19T14:11:58.394Z"}
{"level":"info","message":"Updated existing item: https://kotaku.com/elden-ring-nightreign-item-duplication-glitch-legendary-1851784569","timestamp":"2025-06-19T14:11:58.496Z"}
{"level":"info","message":"Updated existing item: https://kotaku.com/monster-hunter-wilds-sinister-cloth-armor-location-buy-1851784563","timestamp":"2025-06-19T14:11:58.616Z"}
{"level":"info","message":"Updated existing item: https://kotaku.com/bravely-default-flying-fairy-switch-2-hd-mini-games-1851784559","timestamp":"2025-06-19T14:11:58.727Z"}
{"level":"info","message":"Updated existing item: https://kotaku.com/nintendo-direct-switch-2-donkey-kong-bananaza-june-1851784552","timestamp":"2025-06-19T14:11:58.908Z"}
{"level":"info","message":"Added new item: https://www.eurogamer.net/motion-capture-realism-changed-onimusha-way-of-the-sword","timestamp":"2025-06-19T14:11:59.109Z"}
{"level":"info","message":"Added new item: https://www.eurogamer.net/digitalfoundry-2025-switch-2-revitalises-pokemon-scarlet-and-violet-with-better-performance-and-image-quality","timestamp":"2025-06-19T14:11:59.230Z"}
{"level":"info","message":"Added new item: https://www.eurogamer.net/dune-awakening-new-maps-hagga-basin","timestamp":"2025-06-19T14:11:59.330Z"}
{"level":"info","message":"Updated existing item: https://www.eurogamer.net/gears-of-war-reloaded-second-beta-weekend-extended-following-a-bumpy-start-last-week","timestamp":"2025-06-19T14:11:59.427Z"}
{"level":"info","message":"Updated existing item: https://www.eurogamer.net/adding-crossplay-to-rematch-is-our-absolute-highest-priority-says-sloclap","timestamp":"2025-06-19T14:11:59.521Z"}
{"level":"info","message":"Updated existing item: https://www.eurogamer.net/capcom-spotlight-announced-for-next-week-with-resident-evil-requiem-pragmata-and-more-to-feature","timestamp":"2025-06-19T14:11:59.707Z"}
{"level":"info","message":"Updated existing item: https://www.eurogamer.net/dk-rap-composer-wasnt-aware-the-worst-rap-track-in-the-history-of-rap-tracks-would-be-included-in-donkey-kong-bananza","timestamp":"2025-06-19T14:11:59.864Z"}
{"level":"info","message":"Updated existing item: https://www.eurogamer.net/elden-ring-nightreign-update-brings-new-challenges-and-a-welcome-live-service-twist","timestamp":"2025-06-19T14:11:59.970Z"}
{"level":"info","message":"Updated existing item: https://www.eurogamer.net/skate-reboot-just-months-away-from-launch-as-playtests-open-up-to-all-who-register-before-end-of-june","timestamp":"2025-06-19T14:12:00.101Z"}
{"level":"info","message":"Updated existing item: https://www.eurogamer.net/christophe-gans-faithful-silent-hill-2-movie-adaptation-gets-a-2026-release-date","timestamp":"2025-06-19T14:12:00.198Z"}
{"level":"info","message":"Updated existing item: https://www.eurogamer.net/a-roblox-game-about-growing-vegetables-is-seemingly-now-bigger-than-fortnite","timestamp":"2025-06-19T14:12:00.305Z"}
{"level":"info","message":"Updated existing item: https://www.eurogamer.net/digitalfoundry-2025-dooms-impressive-pc-path-tracing-upgrade-comes-with-a-smaller-performance-penalty-than-you-might-expect","timestamp":"2025-06-19T14:12:00.506Z"}
{"level":"info","message":"Updated existing item: https://www.eurogamer.net/dune-awakening-patch-ends-the-reign-of-vehicular-terror-as-ramming-into-other-players-no-longer-deals-damage","timestamp":"2025-06-19T14:12:00.653Z"}
{"level":"info","message":"Updated existing item: https://www.eurogamer.net/rematch-the-challenging-new-online-football-game-hitting-game-pass-immediately-transported-me-back-to-my-schools-playground","timestamp":"2025-06-19T14:12:00.775Z"}
{"level":"info","message":"Updated existing item: https://www.eurogamer.net/support-for-beat-saber-on-ps4-and-ps4-ends-shining-a-light-on-psvr2s-lack-of-success","timestamp":"2025-06-19T14:12:00.892Z"}
{"level":"info","message":"Updated existing item: https://www.eurogamer.net/a-major-battlefield-reveal-still-set-for-summer-as-mass-effect-bundle-takes-fans-by-surprise","timestamp":"2025-06-19T14:12:01.006Z"}
{"level":"info","message":"Updated existing item: https://www.eurogamer.net/death-stranding-animated-movie-with-original-story-on-the-way-with-raised-by-wolves-writer-attached","timestamp":"2025-06-19T14:12:01.206Z"}
{"level":"info","message":"Updated existing item: https://www.eurogamer.net/donkey-kong-bananzas-musical-twist-revealed-plus-dk-rap-is-included","timestamp":"2025-06-19T14:12:01.337Z"}
{"level":"info","message":"Updated existing item: https://www.eurogamer.net/dune-awakening-review","timestamp":"2025-06-19T14:12:01.463Z"}
{"level":"info","message":"Updated existing item: https://www.eurogamer.net/warner-bros-games-restructures-leadership-team-following-new-focus-on-game-of-thrones-dc-harry-potter-and-mortal-kombat","timestamp":"2025-06-19T14:12:01.567Z"}
{"level":"info","message":"Updated existing item: https://www.eurogamer.net/latest-legend-of-zelda-movie-casting-rumour-would-age-hunter-schafer-out-of-consideration","timestamp":"2025-06-19T14:12:01.667Z"}
{"level":"info","message":"Updated existing item: https://www.eurogamer.net/stellar-blade-for-switch-2-reportedly-in-development","timestamp":"2025-06-19T14:12:01.905Z"}
{"level":"info","message":"Updated existing item: https://www.eurogamer.net/randy-pitchford-stoked-about-borderlands-4s-70-price-point-confirms-tonne-of-dlc-on-the-way","timestamp":"2025-06-19T14:12:02.048Z"}
{"level":"info","message":"Updated existing item: https://www.eurogamer.net/hades-2-gets-fresh-early-access-update-as-development-finally-approaches-full-release","timestamp":"2025-06-19T14:12:02.147Z"}
{"level":"info","message":"Updated existing item: https://www.eurogamer.net/obsidian-says-grounded-2-wont-have-lan-multiplayer-either-and-its-a-huge-shame","timestamp":"2025-06-19T14:12:02.244Z"}
{"level":"info","message":"Updated existing item: https://www.eurogamer.net/tron-catalyst-review","timestamp":"2025-06-19T14:12:02.346Z"}
{"level":"info","message":"Updated existing item: https://www.eurogamer.net/final-fantasy-tactics-remade-by-sheer-force-as-original-source-code-no-longer-exists","timestamp":"2025-06-19T14:12:02.447Z"}
{"level":"info","message":"Updated existing item: https://www.eurogamer.net/new-mario-kart-world-update-will-stop-your-game-shutting-down-after-racing-other-players-online","timestamp":"2025-06-19T14:12:02.708Z"}
{"level":"info","message":"Updated existing item: https://www.eurogamer.net/gex-trilogy-celebrates-success-with-much-requested-feature-that-should-make-european-fans-happy","timestamp":"2025-06-19T14:12:02.860Z"}
{"level":"info","message":"Updated existing item: https://www.eurogamer.net/bungies-marathon-reboot-delayed-indefinitely-in-response-to-passionate-fan-feedback","timestamp":"2025-06-19T14:12:02.957Z"}
{"level":"info","message":"Updated existing item: https://www.eurogamer.net/microsoft-says-its-working-on-next-gen-xbox-consoles-youll-play-in-your-living-room-and-in-your-hands","timestamp":"2025-06-19T14:12:03.056Z"}
{"level":"info","message":"Updated existing item: https://www.eurogamer.net/10-years-ago-we-were-fighting-to-survive-its-totally-different-now-segas-franchise-guru-on-sonics-redemption-arc","timestamp":"2025-06-19T14:12:03.208Z"}
{"level":"info","message":"Updated existing item: https://www.eurogamer.net/heres-our-next-batch-of-xbox-game-pass-titles-for-june","timestamp":"2025-06-19T14:12:03.408Z"}
{"level":"info","message":"Updated existing item: https://www.eurogamer.net/digitalfoundry-2025-finalmouse-ulx-prophecy-review-38g-8k-150-quid","timestamp":"2025-06-19T14:12:03.544Z"}
{"level":"info","message":"Updated existing item: https://www.eurogamer.net/lego-fortnite-expeditions-is-a-mission-based-pve-mode-where-youre-up-against-an-evil-mask-maker","timestamp":"2025-06-19T14:12:03.647Z"}
{"level":"info","message":"Updated existing item: https://www.eurogamer.net/switch-2-scarlet-violet-pokemon-love","timestamp":"2025-06-19T14:12:03.765Z"}
{"level":"info","message":"Updated existing item: https://www.eurogamer.net/end-of-an-era-nexus-mods-has-been-sold-to-an-unknown-party-after-24-years","timestamp":"2025-06-19T14:12:03.908Z"}
{"level":"info","message":"Updated existing item: https://www.eurogamer.net/unlocking-mirror-mode-in-mario-kart-world-is-so-obtuse-even-nintendo-got-the-details-wrong","timestamp":"2025-06-19T14:12:04.108Z"}
{"level":"info","message":"Updated existing item: https://www.eurogamer.net/playing-cyberpunk-2077-for-the-first-time-on-switch-2-reminds-me-of-one-of-gta-onlines-greatest-quirks","timestamp":"2025-06-19T14:12:04.271Z"}
{"level":"info","message":"Updated existing item: https://www.eurogamer.net/clair-obscur-expedition-33-developer-exploring-new-content-accessibility-features-and-all-sorts-of-bits-and-bobs-for-future-game-updates","timestamp":"2025-06-19T14:12:04.376Z"}
{"level":"info","message":"Updated existing item: https://www.eurogamer.net/stellar-blade-2-better-story-than-stellar-blade","timestamp":"2025-06-19T14:12:04.497Z"}
{"level":"info","message":"Updated existing item: https://www.eurogamer.net/after-five-tumultuous-years-ubisoft-prince-of-persia-sands-of-time-remake-is-now-deep-in-development","timestamp":"2025-06-19T14:12:04.596Z"}
{"level":"info","message":"Updated existing item: https://www.eurogamer.net/as-much-as-it-pains-me-to-say-it-the-switch-2s-short-battery-life-is-a-real-bummer","timestamp":"2025-06-19T14:12:04.805Z"}
{"level":"info","message":"Updated existing item: https://www.eurogamer.net/borderlands-4-special-editions-and-price-confirmed-and-it-wont-cost-80","timestamp":"2025-06-19T14:12:04.973Z"}
{"level":"info","message":"Updated existing item: https://www.eurogamer.net/digitalfoundry-2025-witcher-4-unreal-engine-5-deep-dive-tech-interview","timestamp":"2025-06-19T14:12:05.066Z"}
{"level":"info","message":"Updated existing item: https://www.eurogamer.net/digitalfoundry-2025-the-first-plausible-sony-handheld-specs-leaks-emerge-but-how-capable-can-it-be","timestamp":"2025-06-19T14:12:05.168Z"}
{"level":"info","message":"Updated existing item: https://www.eurogamer.net/nintendo-rides-switch-2-launch-hype-with-a-donkey-kong-bananza-direct-set-for-later-this-week","timestamp":"2025-06-19T14:12:05.282Z"}
{"level":"info","message":"Updated existing item: https://www.eurogamer.net/mindseye-review","timestamp":"2025-06-19T14:12:05.408Z"}
{"level":"info","message":"Updated existing item: https://www.eurogamer.net/kojima-posts-new-line-of-death-stranding-2-apparel-including-shorts-so-you-can-have-a-good-time-on-the-beach","timestamp":"2025-06-19T14:12:05.606Z"}
{"level":"info","message":"Updated existing item: https://www.eurogamer.net/stellar-blade-proves-theres-appetite-for-playstation-5-games-on-pc-as-it-blasts-past-one-million-sales-in-three-days","timestamp":"2025-06-19T14:12:05.716Z"}
{"level":"info","message":"Updated existing item: https://www.eurogamer.net/nintendo-fans-are-compiling-a-master-list-of-what-games-run-better-or-worse-on-switch-2","timestamp":"2025-06-19T14:12:05.817Z"}
{"level":"info","message":"Updated existing item: https://www.eurogamer.net/dune-awakening-and-stellar-blade-both-set-new-concurrent-user-records-on-steam-this-weekend","timestamp":"2025-06-19T14:12:05.917Z"}
{"level":"info","message":"Updated existing item: https://www.eurogamer.net/minecrafts-vibrant-visuals-update-finally-has-a-release-date","timestamp":"2025-06-19T14:12:06.025Z"}
{"level":"info","message":"Updated existing item: https://www.eurogamer.net/red-dead-redemption-star-teases-he-cannot-wait-for-us-to-know-about-a-big-announcement-thats-coming-before-friday","timestamp":"2025-06-19T14:12:06.205Z"}
{"level":"info","message":"Added new item: https://www.eurogamer.net/nier-automata-creators-deny-characters-were-problematic-overseas-and-blame-mistranslated-subtitle-for-censorship-rumours","timestamp":"2025-06-19T14:12:06.394Z"}
{"level":"info","message":"Added new item: https://www.eurogamer.net/fallout-shelter-has-been-downloaded-over-230-million-times-in-10-years","timestamp":"2025-06-19T14:12:06.509Z"}
{"level":"info","message":"Added new item: https://www.eurogamer.net/sony-quietly-removes-pc-sale-restrictions-in-dozens-of-countries-for-four-huge-playstation-games","timestamp":"2025-06-19T14:12:06.639Z"}
{"level":"info","message":"Added new item: https://www.eurogamer.net/2025s-summer-game-fest-is-its-biggest-to-date-with-viewer-numbers-up-89-on-last-years-show","timestamp":"2025-06-19T14:12:06.739Z"}
{"level":"info","message":"Added new item: https://www.eurogamer.net/what-weve-been-playing-lessons-in-communication-and-um-trash-talking","timestamp":"2025-06-19T14:12:06.908Z"}
{"level":"info","message":"Added new item: https://www.eurogamer.net/with-borderlands-4-nearly-here-a-community-of-archivists-are-racing-to-revive-a-dead-borderlands-mmo","timestamp":"2025-06-19T14:12:07.108Z"}
{"level":"info","message":"Added new item: https://www.eurogamer.net/the-alters-review","timestamp":"2025-06-19T14:12:07.210Z"}
{"level":"info","message":"Added new item: https://www.eurogamer.net/digitalfoundry-2025-cyberpunk-2077-on-switch-2-a-cutting-edge-game-translates-well-to-nintendos-console-hybrid","timestamp":"2025-06-19T14:12:07.318Z"}
{"level":"info","message":"Added new item: https://www.eurogamer.net/sony-will-continue-to-add-more-value-to-ps-plus-says-company-president-but-it-may-come-with-price-changes-too","timestamp":"2025-06-19T14:12:07.431Z"}
{"level":"info","message":"Added new item: https://www.eurogamer.net/control-multiplayer-spin-off-fbc-firebreak-has-two-major-updates-planned-for-this-year","timestamp":"2025-06-19T14:12:07.537Z"}
{"level":"info","message":"Added new item: https://www.eurogamer.net/sony-remains-committed-to-diverse-and-resilient-live-service-games-including-forthcoming-marathon-and-fairgames-despite-high-profile-failures","timestamp":"2025-06-19T14:12:07.707Z"}
{"level":"info","message":"Added new item: https://www.eurogamer.net/voice-actors-relieved-to-have-the-freedom-to-work-again-says-jennifer-hale-as-sag-aftra-strike-ends","timestamp":"2025-06-19T14:12:07.908Z"}
{"level":"info","message":"Added new item: https://www.eurogamer.net/netflix-anime-boosts-devil-may-cry-5-sales-to-over-10m","timestamp":"2025-06-19T14:12:08.028Z"}
{"level":"info","message":"Added new item: https://www.eurogamer.net/playstation-remaining-thoughtful-about-how-and-if-it-brings-games-to-additional-platforms","timestamp":"2025-06-19T14:12:08.129Z"}
{"level":"info","message":"Added new item: https://www.eurogamer.net/the-sims-4-is-off-with-the-fairies-in-new-enchanted-by-nature-expansion","timestamp":"2025-06-19T14:12:08.230Z"}
{"level":"info","message":"Added new item: https://www.eurogamer.net/mindseye-crashes-caused-by-a-memory-leak-developer-says-as-it-remains-committed-to-ensuring-all-players-have-a-great-experience","timestamp":"2025-06-19T14:12:08.407Z"}
{"level":"info","message":"Added new item: https://www.eurogamer.net/silent-hill-f-gets-development-deep-dive-at-konami-game-showcase","timestamp":"2025-06-19T14:12:08.592Z"}
{"level":"info","message":"Added new item: https://www.eurogamer.net/metal-gear-solid-delta-snake-eater-xbox-players-can-indeed-chase-down-bomberman","timestamp":"2025-06-19T14:12:08.699Z"}
{"level":"info","message":"Added new item: https://www.eurogamer.net/the-silent-hill-remake-has-been-revealed-during-konami-press-start-showcase","timestamp":"2025-06-19T14:12:08.799Z"}
{"level":"info","message":"Added new item: https://www.eurogamer.net/metal-gear-solid-delta-snake-eater-taking-hide-and-go-seek-to-the-next-level-with-original-multiplayer-mode","timestamp":"2025-06-19T14:12:08.909Z"}
{"level":"info","message":"Added new item: https://www.eurogamer.net/ratchet-and-clank-rift-apart-hid-a-prototype-mini-game-easter-egg-so-well-no-one-actually-found-it","timestamp":"2025-06-19T14:12:09.010Z"}
{"level":"info","message":"Added new item: https://www.eurogamer.net/oil-rig-horror-still-wakes-the-deep-is-trading-the-70s-for-the-80s-in-new-sirens-rest-story-dlc","timestamp":"2025-06-19T14:12:09.206Z"}
{"level":"info","message":"Added new item: https://www.eurogamer.net/dune-awakening-pvp-is-being-dominated-by-one-busted-technique-crushing-people-with-helicopters","timestamp":"2025-06-19T14:12:09.380Z"}
{"level":"info","message":"Added new item: https://www.eurogamer.net/poppy-playtime-chapter-4-coming-to-consoles-this-month","timestamp":"2025-06-19T14:12:09.482Z"}
{"level":"info","message":"Added new item: https://www.eurogamer.net/fantasy-life-i-the-girl-who-steals-time-gets-a-visual-boost-thanks-to-switch-2-update","timestamp":"2025-06-19T14:12:09.580Z"}
{"level":"info","message":"Added new item: https://www.eurogamer.net/pragmata-is-a-fascinating-genre-mash-up-and-capcom-at-its-experimental-best-hands-on","timestamp":"2025-06-19T14:12:09.680Z"}
{"level":"info","message":"Added new item: https://www.eurogamer.net/stellar-blade-pc-debut-welcomes-record-numbers-for-a-playstation-published-single-player-release","timestamp":"2025-06-19T14:12:09.805Z"}
{"level":"info","message":"Added new item: https://www.eurogamer.net/us-actors-union-suspends-year-long-video-game-strike-following-tentative-agreement-over-ai","timestamp":"2025-06-19T14:12:10.006Z"}
{"level":"info","message":"Added new item: https://www.eurogamer.net/herere-your-playstation-plus-extra-and-premium-games-for-june","timestamp":"2025-06-19T14:12:10.129Z"}
{"level":"info","message":"Added new item: https://www.eurogamer.net/street-fighter-6-sells-five-million-copies-on-track-to-be-best-selling-street-fighter-ever","timestamp":"2025-06-19T14:12:10.241Z"}
{"level":"info","message":"Added new item: https://www.eurogamer.net/mindseye-hotfix-planned-for-pc-this-week-but-console-players-may-have-to-wait","timestamp":"2025-06-19T14:12:10.341Z"}
{"level":"info","message":"Added new item: https://www.eurogamer.net/epic-games-continues-war-against-fortnite-cheaters-files-lawsuit-against-another-cheat-developer","timestamp":"2025-06-19T14:12:10.440Z"}
{"level":"info","message":"Added new item: https://www.eurogamer.net/i-played-resident-evil-9-and-they-heard-me-scream-in-the-booth-next-door","timestamp":"2025-06-19T14:12:10.606Z"}
{"level":"info","message":"Added new item: https://www.eurogamer.net/digitalfoundry-2025-fast-fusion-most-technically-impressive-switch-2-launch-title","timestamp":"2025-06-19T14:12:10.794Z"}
{"level":"info","message":"Added new item: https://www.eurogamer.net/mario-kart-world-review","timestamp":"2025-06-19T14:12:10.910Z"}
{"level":"info","message":"Added new item: https://www.eurogamer.net/nintendo-provides-solution-to-incorrect-switch-2-battery-display","timestamp":"2025-06-19T14:12:11.018Z"}
{"level":"info","message":"Added new item: https://www.eurogamer.net/sonic-racing-crossworlds-might-be-the-most-mechanically-rich-kart-racer-ever-made-hands-on","timestamp":"2025-06-19T14:12:11.132Z"}
{"level":"info","message":"Added new item: https://www.eurogamer.net/mindseye-publisher-doesnt-believe-negative-comments-were-paid-for-despite-developer-suggesting-otherwise","timestamp":"2025-06-19T14:12:11.308Z"}
{"level":"info","message":"Added new item: https://www.eurogamer.net/haunted-chocolatier-will-have-a-larger-world-than-stardew-valley-creator-confirms","timestamp":"2025-06-19T14:12:11.508Z"}
{"level":"info","message":"Added new item: https://www.eurogamer.net/switch-2-is-nintendos-fastest-selling-hardware-ever","timestamp":"2025-06-19T14:12:11.637Z"}
{"level":"info","message":"Added new item: https://www.eurogamer.net/days-gone-studio-sony-bend-announces-layoffs-following-live-service-cancellation","timestamp":"2025-06-19T14:12:11.739Z"}
{"level":"info","message":"Added new item: https://www.eurogamer.net/dune-awakening-hits-142000-concurrent-players-during-full-launch-smashing-past-record","timestamp":"2025-06-19T14:12:11.840Z"}
{"level":"info","message":"Added new item: https://www.eurogamer.net/mindseye-launches-with-myriad-of-glitches-and-issues-as-developer-promises-performance-update","timestamp":"2025-06-19T14:12:12.007Z"}
{"level":"info","message":"Added new item: https://www.eurogamer.net/digitalfoundry-2025-the-full-size-keyboard-roundup-review-special","timestamp":"2025-06-19T14:12:12.208Z"}
{"level":"info","message":"Added new item: https://www.eurogamer.net/splitgate-2-director-apologises-for-causing-division-following-controversial-summer-game-fest-appearance","timestamp":"2025-06-19T14:12:12.322Z"}
{"level":"info","message":"Added new item: https://www.eurogamer.net/after-overseeing-thousands-of-layoffs-and-numerous-studio-closures-embracer-ceo-lars-wingefors-is-stepping-down","timestamp":"2025-06-19T14:12:12.429Z"}
{"level":"info","message":"Added new item: https://www.pcgamer.com/games/the-50-most-played-demos-of-steam-next-fest-include-musical-martial-arts-a-stalker-inspired-mmo-a-superhero-management-sim-and-at-least-2-games-that-are-basically-sea-of-thieves-in-space/","timestamp":"2025-06-19T14:12:12.530Z"}
{"level":"info","message":"Added new item: https://www.pcgamer.com/games/rpg/oh-no-ive-been-playing-a-tutorial-for-55-hours-elden-ring-nightreigns-everdark-sovereigns-arent-just-a-health-and-damage-boost-the-gaping-jaws-got-all-new-mechanics-to-lay-us-flat/","timestamp":"2025-06-19T14:12:12.648Z"}
{"level":"info","message":"Added new item: https://www.pcgamer.com/software/security/fake-minecraft-mods-that-steal-all-your-personal-data-including-crypto-wallets-are-being-distributed-via-github-accounts/","timestamp":"2025-06-19T14:12:12.808Z"}
{"level":"info","message":"Updated existing item: https://www.pcgamer.com/hardware/processors/intel-claims-18a-the-node-pat-bet-the-company-on-is-either-25-percent-faster-or-38-percent-more-efficient-than-intel-3-though-thats-a-node-intel-didnt-have-enough-faith-in-to-release-for-desktops-or-laptops/","timestamp":"2025-06-19T14:12:13.006Z"}
{"level":"info","message":"Updated existing item: https://www.pcgamer.com/movies-tv/return-to-silent-hill-finally-has-a-release-date-and-theres-not-long-left-to-wait-now/","timestamp":"2025-06-19T14:12:13.126Z"}
{"level":"info","message":"Updated existing item: https://www.pcgamer.com/games/life-sim/disney-dreamlight-valley-peter-pan-unlock/","timestamp":"2025-06-19T14:12:13.221Z"}
{"level":"info","message":"Updated existing item: https://www.pcgamer.com/games/strategy/xcom-2-is-usd2-40-and-its-excellent-dlc-war-of-the-chosen-aint-far-off-making-the-all-time-tactical-strategy-great-cheaper-than-takeout/","timestamp":"2025-06-19T14:12:13.318Z"}
{"level":"info","message":"Updated existing item: https://www.pcgamer.com/hardware/pc-cases/couldnt-afford-a-pc-so-i-drew-one-says-one-redditor-after-drawing-a-god-tier-cel-shaded-case-mod-for-his-kids-to-play-minecraft-on/","timestamp":"2025-06-19T14:12:13.505Z"}
{"level":"info","message":"Updated existing item: https://www.pcgamer.com/gaming-industry/pc-gamer-magazines-new-issue-is-on-sale-now-painkiller/","timestamp":"2025-06-19T14:12:13.692Z"}
{"level":"info","message":"Updated existing item: https://www.pcgamer.com/games/rpg/elden-ring-nightreigns-first-enhanced-boss-just-dropped-out-of-nowhere-and-theres-an-extremely-useful-new-npc-too/","timestamp":"2025-06-19T14:12:13.787Z"}
{"level":"info","message":"Updated existing item: https://www.pcgamer.com/games/puzzle/wordle-answer-today-june-19-2025/","timestamp":"2025-06-19T14:12:13.876Z"}
{"level":"info","message":"Updated existing item: https://www.pcgamer.com/games/action/playstations-attempt-to-summarize-the-plot-of-death-stranding-in-six-minutes-is-heroic-and-doomed/","timestamp":"2025-06-19T14:12:13.994Z"}
{"level":"info","message":"Updated existing item: https://www.pcgamer.com/games/sports/10-years-later-no-one-has-replicated-rocket-leagues-mojo/","timestamp":"2025-06-19T14:12:14.099Z"}
{"level":"info","message":"Updated existing item: https://www.pcgamer.com/games/grand-theft-auto/gta-online-money-fronts-guide-maximize-profits/","timestamp":"2025-06-19T14:12:14.306Z"}
{"level":"info","message":"Updated existing item: https://www.pcgamer.com/games/action/sword-of-the-sea-fuses-journey-with-tony-hawk-to-make-a-pro-skater-game-that-feels-as-good-as-it-looks/","timestamp":"2025-06-19T14:12:14.492Z"}
{"level":"info","message":"Updated existing item: https://www.pcgamer.com/games/world-of-warcraft/world-of-warcraft-players-are-convinced-blizzard-is-dropping-hints-about-a-major-update-to-a-9-year-old-class/","timestamp":"2025-06-19T14:12:14.608Z"}
{"level":"info","message":"Updated existing item: https://www.pcgamer.com/games/fps/hunt-showdown-1896-goes-offline-for-a-day-after-its-latest-update-caused-so-many-problems-crytek-had-to-remove-it-completely/","timestamp":"2025-06-19T14:12:14.709Z"}
{"level":"info","message":"Updated existing item: https://www.pcgamer.com/gaming-industry/hideo-kojima-says-the-clair-obscur-expedition-33-development-team-is-his-ideal-size-they-only-have-like-33-team-members-and-a-dog/","timestamp":"2025-06-19T14:12:14.801Z"}
{"level":"info","message":"Updated existing item: https://www.pcgamer.com/games/rpg/raidou-remastered-the-mystery-of-the-soulless-army-review/","timestamp":"2025-06-19T14:12:14.908Z"}
{"level":"info","message":"Updated existing item: https://www.pcgamer.com/gaming-industry/whatsapp-really-is-good-so-metas-had-enough-of-that-and-is-now-monetising-the-periphery-with-new-ads-that-try-to-make-it-more-like-instagram/","timestamp":"2025-06-19T14:12:15.108Z"}
{"level":"info","message":"Updated existing item: https://www.pcgamer.com/games/elon-musks-latest-gaming-take-is-ruthlessly-mocked-by-bioshock-fans-probably-thinks-andrew-ryan-was-the-hero/","timestamp":"2025-06-19T14:12:15.246Z"}
{"level":"info","message":"Updated existing item: https://www.pcgamer.com/games/strategy/after-4-years-of-silence-one-of-the-most-disappointing-games-of-2020-gets-a-surprise-expansion/","timestamp":"2025-06-19T14:12:15.358Z"}
{"level":"info","message":"Updated existing item: https://www.pcgamer.com/gaming-industry/warner-bros-games-restructures-all-the-better-to-drown-us-in-batman-and-harry-potter-games/","timestamp":"2025-06-19T14:12:15.484Z"}
{"level":"info","message":"Updated existing item: https://www.pcgamer.com/games/sports/rematch-ranks-guide-ranked-leagues-divisions-points/","timestamp":"2025-06-19T14:12:15.707Z"}
{"level":"info","message":"Updated existing item: https://www.pcgamer.com/games/life-sim/date-everything-claims-to-be-a-dating-sim-but-it-doesnt-love-or-understand-its-own-genre/","timestamp":"2025-06-19T14:12:15.871Z"}
{"level":"info","message":"Updated existing item: https://www.pcgamer.com/games/mmo/runescape-player-pulls-off-a-personal-shawshank-redemption-grinds-his-way-out-of-one-zone-house-arrest-by-grinding-a-raid-2-000-times-over-10-000-hours-it-was-all-worth-it/","timestamp":"2025-06-19T14:12:15.970Z"}
{"level":"info","message":"Updated existing item: https://www.pcgamer.com/hardware/graphics-cards/intel-has-joined-nvidia-with-its-own-neural-texture-compression-tech-but-it-probably-wont-rescue-your-vram-starved-8-gb-gpu-any-time-soon/","timestamp":"2025-06-19T14:12:16.077Z"}
{"level":"info","message":"Updated existing item: https://www.pcgamer.com/games/rpg/elden-ring-movie-director-reveals-how-hes-getting-through-his-7th-playthrough-its-like-monkeys-and-typewriters-you-just-keep-doing-it/","timestamp":"2025-06-19T14:12:16.177Z"}
{"level":"info","message":"Updated existing item: https://www.pcgamer.com/hardware/gaming-keyboards/gamakay-x-naughshark-ns68-review/","timestamp":"2025-06-19T14:12:16.282Z"}
{"level":"info","message":"Updated existing item: https://www.pcgamer.com/games/sim/survival-game-aethus-sees-you-rebuilding-a-sci-fi-colony-after-the-ravages-of-galactic-capitalism-and-forging-a-new-kind-of-future-from-the-wreckage/","timestamp":"2025-06-19T14:12:16.507Z"}
{"level":"info","message":"Updated existing item: https://www.pcgamer.com/games/mmo/dune-awakening-patch-fixes-the-ornithopter-goomba-stomp-problem-in-pvp-just-not-in-the-way-i-expected/","timestamp":"2025-06-19T14:12:16.677Z"}
{"level":"info","message":"Updated existing item: https://www.pcgamer.com/hardware/this-is-all-the-best-pc-gaming-gear-we-recommend-in-one-techie-tier-list/","timestamp":"2025-06-19T14:12:16.782Z"}
{"level":"info","message":"Updated existing item: https://www.pcgamer.com/software/ai/google-ai-happens-to-be-really-bad-at-playing-pokemon-repeatedly-panicking-and-taking-more-than-800-hours-to-beat-the-elite-four/","timestamp":"2025-06-19T14:12:16.886Z"}
{"level":"info","message":"Updated existing item: https://www.pcgamer.com/hardware/gaming-keyboards/das-keyboard-deltaforce-65-review/","timestamp":"2025-06-19T14:12:16.986Z"}
{"level":"info","message":"Updated existing item: https://www.pcgamer.com/hardware/graphics-cards/doom-the-dark-ages-gets-path-tracing-for-even-better-graphics-but-unless-youve-got-an-rtx-50-graphics-card-its-not-worth-using/","timestamp":"2025-06-19T14:12:17.107Z"}
{"level":"info","message":"Updated existing item: https://www.pcgamer.com/games/third-person-shooter/the-winds-of-change-are-blowing-after-159-days-marvel-rivals-has-finally-nerfed-storm-albeit-not-by-much/","timestamp":"2025-06-19T14:12:17.306Z"}
{"level":"info","message":"Updated existing item: https://www.pcgamer.com/hardware/gaming-pcs/this-retro-sleeper-build-hides-one-of-the-top-mini-pcs-inside-and-i-wish-i-had-the-tools-and-patience-to-game-like-its-the-90s/","timestamp":"2025-06-19T14:12:17.437Z"}
{"level":"info","message":"Updated existing item: https://www.pcgamer.com/hardware/handheld-gaming-pcs/microsofts-exciting-multi-year-silicon-partnership-with-amd-doesnt-actually-make-it-clearer-if-theres-an-official-xbox-handheld-or-next-gen-console-coming/","timestamp":"2025-06-19T14:12:17.535Z"}
{"level":"info","message":"Updated existing item: https://www.pcgamer.com/games/rpg/i-dont-believe-it-but-this-digimon-rpg-really-was-the-best-game-i-saw-at-sgf/","timestamp":"2025-06-19T14:12:17.644Z"}
{"level":"info","message":"Updated existing item: https://www.pcgamer.com/games/action/dark-day-for-humanity-as-gex-trilogy-achieves-huge-success-patches-in-its-cursed-eu-voices-from-red-dwarfs-cat-and-the-ding-dong-guy/","timestamp":"2025-06-19T14:12:17.736Z"}
{"level":"info","message":"Updated existing item: https://www.pcgamer.com/games/rpg/elden-ring-nightreigns-relic-system-could-learn-a-lot-from-mmos-like-world-of-warcraft-which-figured-out-pure-rng-loot-sucks-years-ago/","timestamp":"2025-06-19T14:12:17.905Z"}
{"level":"info","message":"Updated existing item: https://www.pcgamer.com/games/fps/borderlands-4-hands-on-preview/","timestamp":"2025-06-19T14:12:18.105Z"}
{"level":"info","message":"Updated existing item: https://www.pcgamer.com/hardware/handheld-gaming-pcs/microsoft-announces-new-dream-team-partnership-with-amd-on-a-portfolio-of-next-gen-xbox-devices-all-with-backwards-compatibility-with-existing-games/","timestamp":"2025-06-19T14:12:18.218Z"}
{"level":"info","message":"Updated existing item: https://www.pcgamer.com/hardware/gaming-mice/endgame-gear-op1w-4k-review/","timestamp":"2025-06-19T14:12:18.322Z"}
{"level":"info","message":"Updated existing item: https://www.pcgamer.com/hardware/gaming-mice/endgame-gear-xm2w-4k-review/","timestamp":"2025-06-19T14:12:18.418Z"}
{"level":"info","message":"Updated existing item: https://www.pcgamer.com/hardware/its-time-to-update-asus-armoury-crate-folks-the-latest-vulnerability-could-allow-hackers-to-compromise-your-os/","timestamp":"2025-06-19T14:12:18.555Z"}
{"level":"info","message":"Updated existing item: https://www.pcgamer.com/games/rpg/become-john-nightreign-with-a-1-1-5kg-wylder-helmet-which-bandai-namco-is-currently-selling-for-usd190/","timestamp":"2025-06-19T14:12:18.792Z"}
{"level":"info","message":"Updated existing item: https://www.pcgamer.com/software/platforms/steam-turbo-charges-its-performance-overlay-shows-you-how-many-real-and-framegen-frames-youre-getting-and-oh-proton-is-enabled-on-linux-by-default-now/","timestamp":"2025-06-19T14:12:18.888Z"}
{"level":"info","message":"Updated existing item: https://www.pcgamer.com/games/rpg/you-arent-just-imagining-things-elden-ring-nightreign-player-confirms-its-6x-harder-to-revive-someone-at-3-bars-when-compared-to-1-because-fromsoftwares-ui-is-basically-lying-to-you/","timestamp":"2025-06-19T14:12:18.995Z"}
{"level":"info","message":"Updated existing item: https://www.pcgamer.com/hardware/an-ex-apple-vision-pro-engineer-turned-a-steam-deck-into-an-all-in-one-keyboard-for-xr-and-now-you-can-too/","timestamp":"2025-06-19T14:12:19.096Z"}
{"level":"info","message":"Processed 221 news items, current DB count: 271","timestamp":"2025-06-19T14:12:19.147Z"}
{"level":"info","message":"Initial news fetch completed: 221 items","timestamp":"2025-06-19T14:12:19.148Z"}
{"level":"info","message":"::1 - - [19/Jun/2025:14:13:10 +0000] \"GET /api/news/latest HTTP/1.1\" 404 154 \"-\" \"PostmanRuntime/7.44.1\"","timestamp":"2025-06-19T14:13:10.139Z"}
{"level":"info","limit":10,"message":"Query params:","page":1,"timestamp":"2025-06-19T14:13:18.871Z"}
{"count":10,"level":"info","message":"DB query result:","timestamp":"2025-06-19T14:13:18.965Z","total":271}
{"level":"info","message":"DB hit: 10 items","timestamp":"2025-06-19T14:13:18.965Z"}
{"level":"info","message":"::1 - - [19/Jun/2025:14:13:18 +0000] \"GET /news/latest HTTP/1.1\" 200 7213 \"-\" \"PostmanRuntime/7.44.1\"","timestamp":"2025-06-19T14:13:18.968Z"}
